**********************
Windows PowerShell transcript start
Start time: 20240222115129
Username: CORPBRISTLECONE\Aryan.Shrivastav
RunAs User: CORPBRISTLECONE\Aryan.Shrivastav
Configuration Name: 
Machine: PUN-4QQBYY3 (Microsoft Windows NT 10.0.22631.0)
Host Application: C:\Windows\System32\WindowsPowerShell\v1.0\powershell.exe
Process ID: 20384
PSVersion: 5.1.22621.2506
PSEdition: Desktop
PSCompatibleVersions: 1.0, 2.0, 3.0, 4.0, 5.0, 5.1.22621.2506
BuildVersion: 10.0.22621.2506
CLRVersion: 4.0.30319.42000
WSManStackVersion: 3.0
PSRemotingProtocolVersion: 2.3
SerializationVersion: 1.1.0.1
**********************
Transcript started, output file is aryanDB.log
PS C:\Users\aryan.shrivastav\DBMS\bristlecone-training-2024> cd dbms
PS C:\Users\aryan.shrivastav\DBMS\bristlecone-training-2024\dbms> cd .\softwares\
PS C:\Users\aryan.shrivastav\DBMS\bristlecone-training-2024\dbms\softwares> .\sqlite3.exe

PS C:\Users\aryan.shrivastav\DBMS\bristlecone-training-2024\dbms\softwares> Stop-Transcript
**********************
Windows PowerShell transcript end
End time: 20240222115208
**********************
