**********************
Windows PowerShell transcript start
Start time: 20240221154123
Username: CORPBRISTLECONE\Meghana.MS
RunAs User: CORPBRISTLECONE\Meghana.MS
Configuration Name: 
Machine: BLR-5NMD6Q3 (Microsoft Windows NT 10.0.19045.0)
Host Application: C:\Windows\System32\WindowsPowerShell\v1.0\powershell.exe
Process ID: 4596
PSVersion: 5.1.19041.4046
PSEdition: Desktop
PSCompatibleVersions: 1.0, 2.0, 3.0, 4.0, 5.0, 5.1.19041.4046
BuildVersion: 10.0.19041.4046
CLRVersion: 4.0.30319.42000
WSManStackVersion: 3.0
PSRemotingProtocolVersion: 2.3
SerializationVersion: 1.1.0.1
**********************
Transcript started, output file is meghana.log
PS C:\Users\meghana.ms> git clone https://github.com/sureshnanjan/bristlecone-training-2024.git
Cloning into 'bristlecone-training-2024'...
remote: Enumerating objects: 28, done.
remote: Counting objects: 100% (28/28), done.
remote: Compressing objects: 100% (18/18), done.
remote: Total 28 (delta 6), reused 28 (delta 6), pack-reused 0
Receiving objects: 100% (28/28), 7.40 MiB | 7.93 MiB/s, done.
Resolving deltas: 100% (6/6), done.
PS C:\Users\meghana.ms> cd bristlecone-training-2024
PS C:\Users\meghana.ms\bristlecone-training-2024> git checkout -b meghana-branch
Switched to a new branch 'meghana-branch'
PS C:\Users\meghana.ms\bristlecone-training-2024> Stop-Transcript
**********************
Windows PowerShell transcript end
End time: 20240221154236
**********************
