**********************
Windows PowerShell transcript start
Start time: 20240222093701
Username: CORPBRISTLECONE\Mohit.Sehgal
RunAs User: CORPBRISTLECONE\Mohit.Sehgal
Configuration Name: 
Machine: DEL-2QVTFB3 (Microsoft Windows NT 10.0.19045.0)
Host Application: C:\Windows\System32\WindowsPowerShell\v1.0\powershell.exe
Process ID: 17564
PSVersion: 5.1.19041.4046
PSEdition: Desktop
PSCompatibleVersions: 1.0, 2.0, 3.0, 4.0, 5.0, 5.1.19041.4046
BuildVersion: 10.0.19041.4046
CLRVersion: 4.0.30319.42000
WSManStackVersion: 3.0
PSRemotingProtocolVersion: 2.3
SerializationVersion: 1.1.0.1
**********************
Transcript started, output file is Mohit.log
PS C:\MohitS-branch> git clone https://github.com/sureshnanjan/bristlecone-training-2024.git
Cloning into 'bristlecone-training-2024'...
remote: Enumerating objects: 83, done.
remote: Counting objects: 100% (83/83), done.
remote: Compressing objects: 100% (52/52), done.
Receiving objects:  67% (56/83), 1.43 MiB | 2.84 MiB/sk-reused 0
Receiving objects: 100% (83/83), 7.42 MiB | 8.02 MiB/s, done.
Resolving deltas: 100% (34/34), done.
PS C:\MohitS-branch> cd .\bristlecone-training-2024
PS C:\MohitS-branch\bristlecone-training-2024> git checkout -b MohitS-branch
Switched to a new branch 'MohitS-branch'
PS C:\MohitS-branch\bristlecone-training-2024> Stop-Transcript
**********************
Windows PowerShell transcript end
End time: 20240222093857
**********************
