**********************
Windows PowerShell transcript start
Start time: 20240301155623
Username: CORPBRISTLECONE\Ramesh.K
RunAs User: CORPBRISTLECONE\Ramesh.K
Configuration Name: 
Machine: BLR-CQ7Q373 (Microsoft Windows NT 10.0.22631.0)
Host Application: C:\WINDOWS\System32\WindowsPowerShell\v1.0\powershell.exe
Process ID: 22036
PSVersion: 5.1.22621.2506
PSEdition: Desktop
PSCompatibleVersions: 1.0, 2.0, 3.0, 4.0, 5.0, 5.1.22621.2506
BuildVersion: 10.0.22621.2506
CLRVersion: 4.0.30319.42000
WSManStackVersion: 3.0
PSRemotingProtocolVersion: 2.3
SerializationVersion: 1.1.0.1
**********************
Transcript started, output file is Ramesh.log
PS C:\Training2024\APITesting> git clone https://github.com/sureshnanjan/bristlecone-training-2024.git
git : The term 'git' is not recognized as the name of a cmdlet, function, script file, or operable program. Check the 
spelling of the name, or if a path was included, verify that the path is correct and try again.
At line:1 char:1
+ git clone https://github.com/sureshnanjan/bristlecone-training-2024.g ...
+ ~~~
    + CategoryInfo          : ObjectNotFound: (git:String) [], CommandNotFoundException
    + FullyQualifiedErrorId : CommandNotFoundException
git : The term 'git' is not recognized as the name of a cmdlet, function, script file, or
operable program. Check the spelling of the name, or if a path was included, verify that the
path is correct and try again.
At line:1 char:1
+ git clone https://github.com/sureshnanjan/bristlecone-training-2024.g ...
+ ~~~
    + CategoryInfo          : ObjectNotFound: (git:String) [], CommandNotFoundException
    + FullyQualifiedErrorId : CommandNotFoundException

PS C:\Training2024\APITesting> Stop-Transcript
**********************
Windows PowerShell transcript end
End time: 20240301155814
**********************
