**********************
Windows PowerShell transcript start
Start time: 20240221145357
Username: CORPBRISTLECONE\yash.tiwari
RunAs User: CORPBRISTLECONE\yash.tiwari
Configuration Name: 
Machine: MUM-JSN9YD3 (Microsoft Windows NT 10.0.19045.0)
Host Application: C:\Windows\System32\WindowsPowerShell\v1.0\powershell.exe
Process ID: 12032
PSVersion: 5.1.19041.4046
PSEdition: Desktop
PSCompatibleVersions: 1.0, 2.0, 3.0, 4.0, 5.0, 5.1.19041.4046
BuildVersion: 10.0.19041.4046
CLRVersion: 4.0.30319.42000
WSManStackVersion: 3.0
PSRemotingProtocolVersion: 2.3
SerializationVersion: 1.1.0.1
**********************
Transcript started, output file is yash.log
PS C:\training> git clone https://github.com/sureshnanjan/bristlecone-training-2024.git
git : The term 'git' is not recognized as the name of a cmdlet, function, script file, or operable program. Check the 
spelling of the name, or if a path was included, verify that the path is correct and try again.
At line:1 char:1
+ git clone https://github.com/sureshnanjan/bristlecone-training-2024.g ...
+ ~~~
    + CategoryInfo          : ObjectNotFound: (git:String) [], CommandNotFoundException
    + FullyQualifiedErrorId : CommandNotFoundException
git : The term 'git' is not recognized as the name of a cmdlet, function, script file, or operable program. Check the
spelling of the name, or if a path was included, verify that the path is correct and try again.
At line:1 char:1
+ git clone https://github.com/sureshnanjan/bristlecone-training-2024.g ...
+ ~~~
    + CategoryInfo          : ObjectNotFound: (git:String) [], CommandNotFoundException
    + FullyQualifiedErrorId : CommandNotFoundException

